<?xml version="1.0" encoding="UTF-8"?>
<!-- Generated by org.testng.reporters.JUnitXMLReporter -->
<testsuite ignored="0" hostname="LAPTOP-4MC0EVH3" failures="0" tests="3" name="Default test" time="9.288" errors="0" timestamp="2023-05-21T10:35:08 IST">
  <testcase classname="pageObjects.Home" name="registerWeatherStationWithoutApiKey" time="6.106"/>
  <testcase classname="pageObjects.Home" name="registerTwoWeatherStations" time="2.044"/>
  <testcase classname="pageObjects.Home" name="verifyRegisteredStations" time="1.021"/>
</testsuite> <!-- Default test -->
