<?xml version="1.0" encoding="UTF-8"?>
<testng-results ignored="0" total="3" passed="3" failed="0" skipped="0">
  <reporter-output>
  </reporter-output>
  <suite started-at="2023-05-21T10:34:59 IST" name="Default suite" finished-at="2023-05-21T10:35:08 IST" duration-ms="9288">
    <groups>
    </groups>
    <test started-at="2023-05-21T10:34:59 IST" name="Default test" finished-at="2023-05-21T10:35:08 IST" duration-ms="9288">
      <class name="pageObjects.Home">
        <test-method signature="registerWeatherStationWithoutApiKey()[pri:1, instance:pageObjects.Home@d86a6f]" started-at="2023-05-21T10:34:59 IST" name="registerWeatherStationWithoutApiKey" finished-at="2023-05-21T10:35:05 IST" duration-ms="6106" status="PASS">
          <reporter-output>
          </reporter-output>
        </test-method> <!-- registerWeatherStationWithoutApiKey -->
        <test-method signature="registerTwoWeatherStations()[pri:2, instance:pageObjects.Home@d86a6f]" started-at="2023-05-21T10:35:05 IST" name="registerTwoWeatherStations" finished-at="2023-05-21T10:35:07 IST" duration-ms="2044" status="PASS">
          <reporter-output>
          </reporter-output>
        </test-method> <!-- registerTwoWeatherStations -->
        <test-method signature="verifyRegisteredStations()[pri:3, instance:pageObjects.Home@d86a6f]" started-at="2023-05-21T10:35:07 IST" name="verifyRegisteredStations" finished-at="2023-05-21T10:35:08 IST" duration-ms="1021" status="PASS">
          <reporter-output>
          </reporter-output>
        </test-method> <!-- verifyRegisteredStations -->
      </class> <!-- pageObjects.Home -->
    </test> <!-- Default test -->
  </suite> <!-- Default suite -->
</testng-results>
